<?xml version="1.0" encoding="UTF-8"?>

<beans xmlns="http://www.springframework.org/schema/beans" xmlns:xsi="http://www.w3.org/2001/XMLSchema-instance"
    xmlns:aop="http://www.springframework.org/schema/aop" xmlns:tx="http://www.springframework.org/schema/tx"
    xmlns:context="http://www.springframework.org/schema/context" xmlns:security="http://www.springframework.org/schema/security" xsi:schemaLocation="http://www.springframework.org/schema/beans
                           http://www.springframework.org/schema/beans/spring-beans-3.1.xsd
                           http://www.springframework.org/schema/tx
                           http://www.springframework.org/schema/tx/spring-tx-3.1.xsd
                           http://www.springframework.org/schema/context
                           http://www.springframework.org/schema/context/spring-context-3.1.xsd
                           http://www.springframework.org/schema/aop
                           http://www.springframework.org/schema/aop/spring-aop-3.1.xsd
                           http://www.springframework.org/schema/security 
                           http://www.springframework.org/schema/security/spring-security-3.1.xsd">

    <context:annotation-config />
    <context:spring-configured />
    <tx:jta-transaction-manager />
    <tx:annotation-driven transaction-manager="transactionManager" />
    

    <bean id="passwordEncoder" class="org.springframework.security.authentication.encoding.MessageDigestPasswordEncoder">
        <constructor-arg value="MD5" />
    </bean>
        
    <bean id="dataSourceMain" class="com.mchange.v2.c3p0.ComboPooledDataSource" destroy-method="close">

        <property name="driverClass" value="org.postgresql.Driver" />
        <property name="jdbcUrl" value="jdbc:postgresql://localhost:5432/easysend_test" />
        <property name="user" value="easysend" />
        <property name="password" value="easysend" />

        <property name="initialPoolSize" value="3" />
        <property name="minPoolSize" value="3" />
        <property name="maxPoolSize" value="200" />
        <!-- <property name="timeout"><value>0</value></property> -->   <!-- 0 means: no timeout -->
        <property name="idleConnectionTestPeriod" value="200" />
        <property name="acquireIncrement" value="1" />
        <property name="maxStatements" value="0" />  <!-- 0 means: statement caching is turned off. -->
        <property name="numHelperThreads" value="3" />  <!-- 3 is default -->

    </bean>

    <bean id="entityManagerFactory" class="org.springframework.orm.jpa.LocalContainerEntityManagerFactoryBean">
        <property name="persistenceUnitName" value="easySendPersistence" />
        <property name="persistenceXmlLocation" value="classpath:META-INF/persistence.xml" />
        <property name="dataSource" ref="dataSourceMain"/>
    </bean>

    <!--
        PostProcessors to perform resource injection according to the JPA specification (@PersistenceContext,
        @PersistenceUnit).
    -->
    <bean class="org.springframework.orm.jpa.support.PersistenceAnnotationBeanPostProcessor" />

    <!-- turn on @Required annotation checks -->
    <bean class="org.springframework.beans.factory.annotation.RequiredAnnotationBeanPostProcessor" />

    <!--
        PostProcessors to perform exception translation on @Repository classes (from native exceptions such as JPA
        PersistenceExceptions to Spring's DataAccessException hierarchy).
    -->
    <!-- Transaction manager for a single JPA EntityManagerFactory (alternative to JTA) -->
    <bean id="transactionManager" class="org.springframework.orm.jpa.JpaTransactionManager">
        <property name="entityManagerFactory" ref="entityManagerFactory" />
        <property name="nestedTransactionAllowed" value="false"></property>
    </bean>

    <bean id="languageService" class="it.av.es.service.impl.LanguageServiceHibernate"></bean>
    
    <bean id="userProfileService" class="it.av.es.service.impl.UserProfileServiceHibernate"/>
    
    <bean id="userService" class="it.av.es.service.impl.UserServiceHibernate"/>
    
    <bean id="projectService" class="it.av.es.service.impl.ProjectServiceHibernate"/>
    
    <bean id="orderService" class="it.av.es.service.impl.OrderServiceHibernate"/>
    
    <bean id="productService" class="it.av.es.service.impl.ProductServiceHibernate"/>

</beans>